<?xml version="1.0" encoding="UTF-8"?>
<coverage generated="1557230005956" clover="3.2.0">
  <project timestamp="1557230005956" name="All files">
    <metrics statements="2" coveredstatements="2" conditionals="1" coveredconditionals="1" methods="1" coveredmethods="1" elements="4" coveredelements="4" complexity="0" loc="2" ncloc="2" packages="1" files="1" classes="1"/>
    <file name="index.jsx" path="/Users/bykovdenis/www/sberbank/react-ui-components/packages/custom-button/src/index.jsx">
      <metrics statements="2" coveredstatements="2" conditionals="1" coveredconditionals="1" methods="1" coveredmethods="1"/>
      <line num="3" count="1" type="cond" truecount="1" falsecount="0"/>
      <line num="4" count="4" type="stmt"/>
    </file>
  </project>
</coverage>
