{"/Users/16783656-mobile/www/sber-risks-ui/packages/button/dist/index.d.ts": {"path":"/Users/16783656-mobile/www/sber-risks-ui/packages/button/dist/index.d.ts","statementMap":{},"fnMap":{},"branchMap":{},"s":{},"f":{},"b":{},"inputSourceMap":null}
,"/Users/16783656-mobile/www/sber-risks-ui/packages/button/src/index.d.ts": {"path":"/Users/16783656-mobile/www/sber-risks-ui/packages/button/src/index.d.ts","statementMap":{},"fnMap":{},"branchMap":{},"s":{},"f":{},"b":{},"inputSourceMap":null}
,"/Users/16783656-mobile/www/sber-risks-ui/packages/button/types/tbutton.d.ts": {"path":"/Users/16783656-mobile/www/sber-risks-ui/packages/button/types/tbutton.d.ts","statementMap":{},"fnMap":{},"branchMap":{},"s":{},"f":{},"b":{},"inputSourceMap":null}
}
