<?xml version="1.0" encoding="UTF-8"?>
<coverage generated="1680515851084" clover="3.2.0">
  <project timestamp="1680515851084" name="All files">
    <metrics statements="39" coveredstatements="0" conditionals="6" coveredconditionals="0" methods="6" coveredmethods="0" elements="51" coveredelements="0" complexity="0" loc="39" ncloc="39" packages="8" files="21" classes="21"/>
    <package name="demo-app">
      <metrics statements="0" coveredstatements="0" conditionals="0" coveredconditionals="0" methods="0" coveredmethods="0"/>
      <file name="vite.config.ts" path="/Users/16783656-mobile/www/sber-risks-ui/demo-app/vite.config.ts">
        <metrics statements="0" coveredstatements="0" conditionals="0" coveredconditionals="0" methods="0" coveredmethods="0"/>
      </file>
    </package>
    <package name="demo-app.src">
      <metrics statements="0" coveredstatements="0" conditionals="0" coveredconditionals="0" methods="0" coveredmethods="0"/>
      <file name="vite-env.d.ts" path="/Users/16783656-mobile/www/sber-risks-ui/demo-app/src/vite-env.d.ts">
        <metrics statements="0" coveredstatements="0" conditionals="0" coveredconditionals="0" methods="0" coveredmethods="0"/>
      </file>
    </package>
    <package name="packages.datepicker.src">
      <metrics statements="5" coveredstatements="0" conditionals="0" coveredconditionals="0" methods="0" coveredmethods="0"/>
      <file name="datepicker-header.styled.tsx" path="/Users/16783656-mobile/www/sber-risks-ui/packages/datepicker/src/datepicker-header.styled.tsx">
        <metrics statements="1" coveredstatements="0" conditionals="0" coveredconditionals="0" methods="0" coveredmethods="0"/>
        <line num="3" count="0" type="stmt"/>
      </file>
      <file name="datepicker-navigate-container.styled.tsx" path="/Users/16783656-mobile/www/sber-risks-ui/packages/datepicker/src/datepicker-navigate-container.styled.tsx">
        <metrics statements="1" coveredstatements="0" conditionals="0" coveredconditionals="0" methods="0" coveredmethods="0"/>
        <line num="3" count="0" type="stmt"/>
      </file>
      <file name="day-empty-of-month.styled.tsx" path="/Users/16783656-mobile/www/sber-risks-ui/packages/datepicker/src/day-empty-of-month.styled.tsx">
        <metrics statements="1" coveredstatements="0" conditionals="0" coveredconditionals="0" methods="0" coveredmethods="0"/>
        <line num="3" count="0" type="stmt"/>
      </file>
      <file name="days-of-month.styled.tsx" path="/Users/16783656-mobile/www/sber-risks-ui/packages/datepicker/src/days-of-month.styled.tsx">
        <metrics statements="1" coveredstatements="0" conditionals="0" coveredconditionals="0" methods="0" coveredmethods="0"/>
        <line num="3" count="0" type="stmt"/>
      </file>
      <file name="months-years-rule-container.styled.tsx" path="/Users/16783656-mobile/www/sber-risks-ui/packages/datepicker/src/months-years-rule-container.styled.tsx">
        <metrics statements="1" coveredstatements="0" conditionals="0" coveredconditionals="0" methods="0" coveredmethods="0"/>
        <line num="3" count="0" type="stmt"/>
      </file>
    </package>
    <package name="packages.multi-select.src">
      <metrics statements="3" coveredstatements="0" conditionals="0" coveredconditionals="0" methods="0" coveredmethods="0"/>
      <file name="button.styled.ts" path="/Users/16783656-mobile/www/sber-risks-ui/packages/multi-select/src/button.styled.ts">
        <metrics statements="1" coveredstatements="0" conditionals="0" coveredconditionals="0" methods="0" coveredmethods="0"/>
        <line num="3" count="0" type="stmt"/>
      </file>
      <file name="list-container.styled.ts" path="/Users/16783656-mobile/www/sber-risks-ui/packages/multi-select/src/list-container.styled.ts">
        <metrics statements="1" coveredstatements="0" conditionals="0" coveredconditionals="0" methods="0" coveredmethods="0"/>
        <line num="3" count="0" type="stmt"/>
      </file>
      <file name="toggle-container.ts" path="/Users/16783656-mobile/www/sber-risks-ui/packages/multi-select/src/toggle-container.ts">
        <metrics statements="1" coveredstatements="0" conditionals="0" coveredconditionals="0" methods="0" coveredmethods="0"/>
        <line num="3" count="0" type="stmt"/>
      </file>
    </package>
    <package name="packages.select.src">
      <metrics statements="1" coveredstatements="0" conditionals="0" coveredconditionals="0" methods="0" coveredmethods="0"/>
      <file name="select-list-container.styled.tsx" path="/Users/16783656-mobile/www/sber-risks-ui/packages/select/src/select-list-container.styled.tsx">
        <metrics statements="1" coveredstatements="0" conditionals="0" coveredconditionals="0" methods="0" coveredmethods="0"/>
        <line num="3" count="0" type="stmt"/>
      </file>
    </package>
    <package name="packages.switcher.src">
      <metrics statements="1" coveredstatements="0" conditionals="0" coveredconditionals="0" methods="0" coveredmethods="0"/>
      <file name="label-switcher.tsx" path="/Users/16783656-mobile/www/sber-risks-ui/packages/switcher/src/label-switcher.tsx">
        <metrics statements="1" coveredstatements="0" conditionals="0" coveredconditionals="0" methods="0" coveredmethods="0"/>
        <line num="3" count="0" type="stmt"/>
      </file>
    </package>
    <package name="packages.warning-panel.src">
      <metrics statements="2" coveredstatements="0" conditionals="0" coveredconditionals="0" methods="0" coveredmethods="0"/>
      <file name="warning-panel-container.tsx" path="/Users/16783656-mobile/www/sber-risks-ui/packages/warning-panel/src/warning-panel-container.tsx">
        <metrics statements="1" coveredstatements="0" conditionals="0" coveredconditionals="0" methods="0" coveredmethods="0"/>
        <line num="3" count="0" type="stmt"/>
      </file>
      <file name="warning-panel-description.tsx" path="/Users/16783656-mobile/www/sber-risks-ui/packages/warning-panel/src/warning-panel-description.tsx">
        <metrics statements="1" coveredstatements="0" conditionals="0" coveredconditionals="0" methods="0" coveredmethods="0"/>
        <line num="3" count="0" type="stmt"/>
      </file>
    </package>
    <package name="stories-examples">
      <metrics statements="27" coveredstatements="0" conditionals="6" coveredconditionals="0" methods="6" coveredmethods="0"/>
      <file name="Button.stories.tsx" path="/Users/16783656-mobile/www/sber-risks-ui/stories-examples/Button.stories.tsx">
        <metrics statements="9" coveredstatements="0" conditionals="0" coveredconditionals="0" methods="1" coveredmethods="0"/>
        <line num="17" count="0" type="stmt"/>
        <line num="19" count="0" type="stmt"/>
        <line num="21" count="0" type="stmt"/>
        <line num="26" count="0" type="stmt"/>
        <line num="27" count="0" type="stmt"/>
        <line num="31" count="0" type="stmt"/>
        <line num="32" count="0" type="stmt"/>
        <line num="37" count="0" type="stmt"/>
        <line num="38" count="0" type="stmt"/>
      </file>
      <file name="Button.tsx" path="/Users/16783656-mobile/www/sber-risks-ui/stories-examples/Button.tsx">
        <metrics statements="3" coveredstatements="0" conditionals="4" coveredconditionals="0" methods="1" coveredmethods="0"/>
        <line num="30" count="0" type="stmt"/>
        <line num="37" count="0" type="cond" truecount="0" falsecount="2"/>
        <line num="38" count="0" type="stmt"/>
      </file>
      <file name="Header.stories.tsx" path="/Users/16783656-mobile/www/sber-risks-ui/stories-examples/Header.stories.tsx">
        <metrics statements="5" coveredstatements="0" conditionals="0" coveredconditionals="0" methods="1" coveredmethods="0"/>
        <line num="11" count="0" type="stmt"/>
        <line num="13" count="0" type="stmt"/>
        <line num="14" count="0" type="stmt"/>
        <line num="18" count="0" type="stmt"/>
        <line num="19" count="0" type="stmt"/>
      </file>
      <file name="Header.tsx" path="/Users/16783656-mobile/www/sber-risks-ui/stories-examples/Header.tsx">
        <metrics statements="2" coveredstatements="0" conditionals="2" coveredconditionals="0" methods="1" coveredmethods="0"/>
        <line num="13" count="0" type="stmt"/>
        <line num="14" count="0" type="stmt"/>
      </file>
      <file name="Page.stories.tsx" path="/Users/16783656-mobile/www/sber-risks-ui/stories-examples/Page.stories.tsx">
        <metrics statements="5" coveredstatements="0" conditionals="0" coveredconditionals="0" methods="1" coveredmethods="0"/>
        <line num="12" count="0" type="stmt"/>
        <line num="14" count="0" type="stmt"/>
        <line num="15" count="0" type="stmt"/>
        <line num="20" count="0" type="stmt"/>
        <line num="21" count="0" type="stmt"/>
      </file>
      <file name="Page.tsx" path="/Users/16783656-mobile/www/sber-risks-ui/stories-examples/Page.tsx">
        <metrics statements="2" coveredstatements="0" conditionals="0" coveredconditionals="0" methods="1" coveredmethods="0"/>
        <line num="13" count="0" type="stmt"/>
        <line num="14" count="0" type="stmt"/>
      </file>
      <file name="index.tsx" path="/Users/16783656-mobile/www/sber-risks-ui/stories-examples/index.tsx">
        <metrics statements="1" coveredstatements="0" conditionals="0" coveredconditionals="0" methods="0" coveredmethods="0"/>
        <line num="9" count="0" type="stmt"/>
      </file>
    </package>
  </project>
</coverage>
