{"/Users/16783656-mobile/www/sber-risks-ui/demo-app/vite.config.ts": {"path":"/Users/16783656-mobile/www/sber-risks-ui/demo-app/vite.config.ts","statementMap":{},"fnMap":{},"branchMap":{},"s":{},"f":{},"b":{}}
,"/Users/16783656-mobile/www/sber-risks-ui/demo-app/src/vite-env.d.ts": {"path":"/Users/16783656-mobile/www/sber-risks-ui/demo-app/src/vite-env.d.ts","statementMap":{},"fnMap":{},"branchMap":{},"s":{},"f":{},"b":{}}
,"/Users/16783656-mobile/www/sber-risks-ui/packages/datepicker/src/datepicker-header.styled.tsx": {"path":"/Users/16783656-mobile/www/sber-risks-ui/packages/datepicker/src/datepicker-header.styled.tsx","statementMap":{"0":{"start":{"line":3,"column":25},"end":{"line":5,"column":1}}},"fnMap":{},"branchMap":{},"s":{"0":0},"f":{},"b":{}}
,"/Users/16783656-mobile/www/sber-risks-ui/packages/datepicker/src/datepicker-navigate-container.styled.tsx": {"path":"/Users/16783656-mobile/www/sber-risks-ui/packages/datepicker/src/datepicker-navigate-container.styled.tsx","statementMap":{"0":{"start":{"line":3,"column":42},"end":{"line":8,"column":1}}},"fnMap":{},"branchMap":{},"s":{"0":0},"f":{},"b":{}}
,"/Users/16783656-mobile/www/sber-risks-ui/packages/datepicker/src/day-empty-of-month.styled.tsx": {"path":"/Users/16783656-mobile/www/sber-risks-ui/packages/datepicker/src/day-empty-of-month.styled.tsx","statementMap":{"0":{"start":{"line":3,"column":24},"end":{"line":10,"column":1}}},"fnMap":{},"branchMap":{},"s":{"0":0},"f":{},"b":{}}
,"/Users/16783656-mobile/www/sber-risks-ui/packages/datepicker/src/days-of-month.styled.tsx": {"path":"/Users/16783656-mobile/www/sber-risks-ui/packages/datepicker/src/days-of-month.styled.tsx","statementMap":{"0":{"start":{"line":3,"column":26},"end":{"line":11,"column":1}}},"fnMap":{},"branchMap":{},"s":{"0":0},"f":{},"b":{}}
,"/Users/16783656-mobile/www/sber-risks-ui/packages/datepicker/src/months-years-rule-container.styled.tsx": {"path":"/Users/16783656-mobile/www/sber-risks-ui/packages/datepicker/src/months-years-rule-container.styled.tsx","statementMap":{"0":{"start":{"line":3,"column":33},"end":{"line":9,"column":1}}},"fnMap":{},"branchMap":{},"s":{"0":0},"f":{},"b":{}}
,"/Users/16783656-mobile/www/sber-risks-ui/packages/multi-select/src/button.styled.ts": {"path":"/Users/16783656-mobile/www/sber-risks-ui/packages/multi-select/src/button.styled.ts","statementMap":{"0":{"start":{"line":3,"column":21},"end":{"line":10,"column":1}}},"fnMap":{},"branchMap":{},"s":{"0":0},"f":{},"b":{}}
,"/Users/16783656-mobile/www/sber-risks-ui/packages/multi-select/src/list-container.styled.ts": {"path":"/Users/16783656-mobile/www/sber-risks-ui/packages/multi-select/src/list-container.styled.ts","statementMap":{"0":{"start":{"line":3,"column":28},"end":{"line":6,"column":1}}},"fnMap":{},"branchMap":{},"s":{"0":0},"f":{},"b":{}}
,"/Users/16783656-mobile/www/sber-risks-ui/packages/multi-select/src/toggle-container.ts": {"path":"/Users/16783656-mobile/www/sber-risks-ui/packages/multi-select/src/toggle-container.ts","statementMap":{"0":{"start":{"line":3,"column":24},"end":{"line":10,"column":1}}},"fnMap":{},"branchMap":{},"s":{"0":0},"f":{},"b":{}}
,"/Users/16783656-mobile/www/sber-risks-ui/packages/select/src/select-list-container.styled.tsx": {"path":"/Users/16783656-mobile/www/sber-risks-ui/packages/select/src/select-list-container.styled.tsx","statementMap":{"0":{"start":{"line":3,"column":28},"end":{"line":16,"column":1}}},"fnMap":{},"branchMap":{},"s":{"0":0},"f":{},"b":{}}
,"/Users/16783656-mobile/www/sber-risks-ui/packages/switcher/src/label-switcher.tsx": {"path":"/Users/16783656-mobile/www/sber-risks-ui/packages/switcher/src/label-switcher.tsx","statementMap":{"0":{"start":{"line":3,"column":22},"end":{"line":18,"column":1}}},"fnMap":{},"branchMap":{},"s":{"0":0},"f":{},"b":{}}
,"/Users/16783656-mobile/www/sber-risks-ui/packages/warning-panel/src/warning-panel-container.tsx": {"path":"/Users/16783656-mobile/www/sber-risks-ui/packages/warning-panel/src/warning-panel-container.tsx","statementMap":{"0":{"start":{"line":3,"column":30},"end":{"line":11,"column":1}}},"fnMap":{},"branchMap":{},"s":{"0":0},"f":{},"b":{}}
,"/Users/16783656-mobile/www/sber-risks-ui/packages/warning-panel/src/warning-panel-description.tsx": {"path":"/Users/16783656-mobile/www/sber-risks-ui/packages/warning-panel/src/warning-panel-description.tsx","statementMap":{"0":{"start":{"line":3,"column":32},"end":{"line":11,"column":1}}},"fnMap":{},"branchMap":{},"s":{"0":0},"f":{},"b":{}}
,"/Users/16783656-mobile/www/sber-risks-ui/stories-examples/Button.stories.tsx": {"path":"/Users/16783656-mobile/www/sber-risks-ui/stories-examples/Button.stories.tsx","statementMap":{"0":{"start":{"line":17,"column":48},"end":{"line":17,"column":78}},"1":{"start":{"line":17,"column":58},"end":{"line":17,"column":78}},"2":{"start":{"line":19,"column":23},"end":{"line":19,"column":40}},"3":{"start":{"line":21,"column":0},"end":{"line":24,"column":2}},"4":{"start":{"line":26,"column":25},"end":{"line":26,"column":42}},"5":{"start":{"line":27,"column":0},"end":{"line":29,"column":2}},"6":{"start":{"line":31,"column":21},"end":{"line":31,"column":38}},"7":{"start":{"line":32,"column":0},"end":{"line":35,"column":2}},"8":{"start":{"line":37,"column":21},"end":{"line":37,"column":38}},"9":{"start":{"line":38,"column":0},"end":{"line":41,"column":2}}},"fnMap":{"0":{"name":"(anonymous_0)","decl":{"start":{"line":17,"column":48},"end":{"line":17,"column":49}},"loc":{"start":{"line":17,"column":58},"end":{"line":17,"column":78}},"line":17}},"branchMap":{},"s":{"0":0,"1":0,"2":0,"3":0,"4":0,"5":0,"6":0,"7":0,"8":0,"9":0},"f":{"0":0},"b":{}}
,"/Users/16783656-mobile/www/sber-risks-ui/stories-examples/Button.tsx": {"path":"/Users/16783656-mobile/www/sber-risks-ui/stories-examples/Button.tsx","statementMap":{"0":{"start":{"line":30,"column":22},"end":{"line":48,"column":1}},"1":{"start":{"line":37,"column":15},"end":{"line":37,"column":84}},"2":{"start":{"line":38,"column":2},"end":{"line":47,"column":4}}},"fnMap":{"0":{"name":"(anonymous_0)","decl":{"start":{"line":30,"column":22},"end":{"line":30,"column":23}},"loc":{"start":{"line":36,"column":19},"end":{"line":48,"column":1}},"line":36}},"branchMap":{"0":{"loc":{"start":{"line":31,"column":2},"end":{"line":31,"column":17}},"type":"default-arg","locations":[{"start":{"line":31,"column":12},"end":{"line":31,"column":17}}],"line":31},"1":{"loc":{"start":{"line":32,"column":2},"end":{"line":32,"column":17}},"type":"default-arg","locations":[{"start":{"line":32,"column":9},"end":{"line":32,"column":17}}],"line":32},"2":{"loc":{"start":{"line":37,"column":15},"end":{"line":37,"column":84}},"type":"cond-expr","locations":[{"start":{"line":37,"column":25},"end":{"line":37,"column":52}},{"start":{"line":37,"column":55},"end":{"line":37,"column":84}}],"line":37}},"s":{"0":0,"1":0,"2":0},"f":{"0":0},"b":{"0":[0],"1":[0],"2":[0,0]}}
,"/Users/16783656-mobile/www/sber-risks-ui/stories-examples/Header.stories.tsx": {"path":"/Users/16783656-mobile/www/sber-risks-ui/stories-examples/Header.stories.tsx","statementMap":{"0":{"start":{"line":11,"column":48},"end":{"line":11,"column":78}},"1":{"start":{"line":11,"column":58},"end":{"line":11,"column":78}},"2":{"start":{"line":13,"column":24},"end":{"line":13,"column":41}},"3":{"start":{"line":14,"column":0},"end":{"line":16,"column":2}},"4":{"start":{"line":18,"column":25},"end":{"line":18,"column":42}},"5":{"start":{"line":19,"column":0},"end":{"line":19,"column":20}}},"fnMap":{"0":{"name":"(anonymous_0)","decl":{"start":{"line":11,"column":48},"end":{"line":11,"column":49}},"loc":{"start":{"line":11,"column":58},"end":{"line":11,"column":78}},"line":11}},"branchMap":{},"s":{"0":0,"1":0,"2":0,"3":0,"4":0,"5":0},"f":{"0":0},"b":{}}
,"/Users/16783656-mobile/www/sber-risks-ui/stories-examples/Header.tsx": {"path":"/Users/16783656-mobile/www/sber-risks-ui/stories-examples/Header.tsx","statementMap":{"0":{"start":{"line":13,"column":22},"end":{"line":47,"column":1}},"1":{"start":{"line":14,"column":2},"end":{"line":46,"column":11}}},"fnMap":{"0":{"name":"(anonymous_0)","decl":{"start":{"line":13,"column":22},"end":{"line":13,"column":23}},"loc":{"start":{"line":14,"column":2},"end":{"line":46,"column":11}},"line":14}},"branchMap":{"0":{"loc":{"start":{"line":36,"column":9},"end":{"line":43,"column":9}},"type":"cond-expr","locations":[{"start":{"line":37,"column":10},"end":{"line":37,"column":68}},{"start":{"line":39,"column":10},"end":{"line":42,"column":13}}],"line":36}},"s":{"0":0,"1":0},"f":{"0":0},"b":{"0":[0,0]}}
,"/Users/16783656-mobile/www/sber-risks-ui/stories-examples/Page.stories.tsx": {"path":"/Users/16783656-mobile/www/sber-risks-ui/stories-examples/Page.stories.tsx","statementMap":{"0":{"start":{"line":12,"column":46},"end":{"line":12,"column":74}},"1":{"start":{"line":12,"column":56},"end":{"line":12,"column":74}},"2":{"start":{"line":14,"column":24},"end":{"line":14,"column":41}},"3":{"start":{"line":15,"column":0},"end":{"line":18,"column":2}},"4":{"start":{"line":20,"column":25},"end":{"line":20,"column":42}},"5":{"start":{"line":21,"column":0},"end":{"line":23,"column":2}}},"fnMap":{"0":{"name":"(anonymous_0)","decl":{"start":{"line":12,"column":46},"end":{"line":12,"column":47}},"loc":{"start":{"line":12,"column":56},"end":{"line":12,"column":74}},"line":12}},"branchMap":{},"s":{"0":0,"1":0,"2":0,"3":0,"4":0,"5":0},"f":{"0":0},"b":{}}
,"/Users/16783656-mobile/www/sber-risks-ui/stories-examples/Page.tsx": {"path":"/Users/16783656-mobile/www/sber-risks-ui/stories-examples/Page.tsx","statementMap":{"0":{"start":{"line":13,"column":20},"end":{"line":67,"column":1}},"1":{"start":{"line":14,"column":2},"end":{"line":66,"column":12}}},"fnMap":{"0":{"name":"(anonymous_0)","decl":{"start":{"line":13,"column":20},"end":{"line":13,"column":21}},"loc":{"start":{"line":14,"column":2},"end":{"line":66,"column":12}},"line":14}},"branchMap":{},"s":{"0":0,"1":0},"f":{"0":0},"b":{}}
,"/Users/16783656-mobile/www/sber-risks-ui/stories-examples/index.tsx": {"path":"/Users/16783656-mobile/www/sber-risks-ui/stories-examples/index.tsx","statementMap":{"0":{"start":{"line":9,"column":23},"end":{"line":9,"column":74}}},"fnMap":{},"branchMap":{},"s":{"0":0},"f":{},"b":{}}
}
